1607082114396	geckodriver	INFO	Listening on 127.0.0.1:56993
1607082114400	mozrunner::runner	INFO	Running command: "/usr/bin/firefox" "--marionette" "-foreground" "-no-remote" "-profile" "/tmp/rust_mozprofilew6JWNy"
console.warn: SearchSettings: "get: No settings file exists, new profile?" (new Error("", "(unknown module)"))
1607082115662	Marionette	INFO	Listening on port 40673
1607082115717	Marionette	WARN	TLS certificate errors will be ignored for this session
1607082120447	Marionette	INFO	Stopped listening on port 40673
1607082130991	geckodriver	INFO	Listening on 127.0.0.1:50039
1607082130994	mozrunner::runner	INFO	Running command: "/usr/bin/firefox" "--marionette" "-foreground" "-no-remote" "-profile" "/tmp/rust_mozprofile6iYgB4"
console.warn: SearchSettings: "get: No settings file exists, new profile?" (new Error("", "(unknown module)"))
1607082132307	Marionette	INFO	Listening on port 46131
1607082132417	Marionette	WARN	TLS certificate errors will be ignored for this session
1607082135548	Marionette	INFO	Stopped listening on port 46131
1607082184189	geckodriver	INFO	Listening on 127.0.0.1:48217
1607082184191	mozrunner::runner	INFO	Running command: "/usr/bin/firefox" "--marionette" "-foreground" "-no-remote" "-profile" "/tmp/rust_mozprofileW93HVZ"
console.warn: SearchSettings: "get: No settings file exists, new profile?" (new Error("", "(unknown module)"))
1607082185467	Marionette	INFO	Listening on port 39989
1607082185513	Marionette	WARN	TLS certificate errors will be ignored for this session
1607082187849	Marionette	INFO	Stopped listening on port 39989
1607082208374	geckodriver	INFO	Listening on 127.0.0.1:35649
1607082208379	mozrunner::runner	INFO	Running command: "/usr/bin/firefox" "--marionette" "-foreground" "-no-remote" "-profile" "/tmp/rust_mozprofilelrZRaT"
console.warn: SearchSettings: "get: No settings file exists, new profile?" (new Error("", "(unknown module)"))
1607082209743	Marionette	INFO	Listening on port 45267
1607082209797	Marionette	WARN	TLS certificate errors will be ignored for this session
1607082218900	geckodriver	INFO	Listening on 127.0.0.1:50173
1607082218903	mozrunner::runner	INFO	Running command: "/usr/bin/firefox" "--marionette" "-foreground" "-no-remote" "-profile" "/tmp/rust_mozprofileLPeYph"
console.warn: SearchSettings: "get: No settings file exists, new profile?" (new Error("", "(unknown module)"))
1607082220221	Marionette	INFO	Listening on port 36585
1607082220323	Marionette	WARN	TLS certificate errors will be ignored for this session
1607082222977	Marionette	INFO	Stopped listening on port 36585
1607082225166	Marionette	INFO	Stopped listening on port 45267
1607082228033	geckodriver	INFO	Listening on 127.0.0.1:43635
1607082228035	mozrunner::runner	INFO	Running command: "/usr/bin/firefox" "--marionette" "-foreground" "-no-remote" "-profile" "/tmp/rust_mozprofiletTZc1L"
console.warn: SearchSettings: "get: No settings file exists, new profile?" (new Error("", "(unknown module)"))
1607082229389	Marionette	INFO	Listening on port 42295
1607082229458	Marionette	WARN	TLS certificate errors will be ignored for this session
1607082232250	Marionette	INFO	Stopped listening on port 42295
1607082300982	geckodriver	INFO	Listening on 127.0.0.1:60501
1607082300986	mozrunner::runner	INFO	Running command: "/usr/bin/firefox" "--marionette" "-foreground" "-no-remote" "-profile" "/tmp/rust_mozprofileUYJWMV"
console.warn: SearchSettings: "get: No settings file exists, new profile?" (new Error("", "(unknown module)"))
1607082302251	Marionette	INFO	Listening on port 35333
1607082302312	Marionette	WARN	TLS certificate errors will be ignored for this session
1607082316574	Marionette	INFO	Stopped listening on port 35333
1607082603340	geckodriver	INFO	Listening on 127.0.0.1:40549
1607082603344	mozrunner::runner	INFO	Running command: "/usr/bin/firefox" "--marionette" "-foreground" "-no-remote" "-profile" "/tmp/rust_mozprofilefX2EhT"
console.warn: SearchSettings: "get: No settings file exists, new profile?" (new Error("", "(unknown module)"))
1607082604844	Marionette	INFO	Listening on port 46259
1607082604866	Marionette	WARN	TLS certificate errors will be ignored for this session
1607082605066	Marionette	INFO	Stopped listening on port 46259
console.error: Region.jsm: "Error fetching region" (new TypeError("NetworkError when attempting to fetch resource.", ""))
console.error: Region.jsm: "Failed to fetch region" (new Error("NO_RESULT", "resource://gre/modules/Region.jsm", 376))
console.error: services.settings: 
  main/whats-new-panel Signature failed  TypeError: NetworkError when attempting to fetch resource.
1607082631658	geckodriver	INFO	Listening on 127.0.0.1:51309
1607082631662	mozrunner::runner	INFO	Running command: "/usr/bin/firefox" "--marionette" "-foreground" "-no-remote" "-profile" "/tmp/rust_mozprofilet2NxPD"
console.warn: SearchSettings: "get: No settings file exists, new profile?" (new Error("", "(unknown module)"))
1607082633004	Marionette	INFO	Listening on port 45739
1607082633085	Marionette	WARN	TLS certificate errors will be ignored for this session
1607082633252	Marionette	INFO	Stopped listening on port 45739
console.error: Region.jsm: "Error fetching region" (new TypeError("NetworkError when attempting to fetch resource.", ""))
console.error: Region.jsm: "Failed to fetch region" (new Error("NO_RESULT", "resource://gre/modules/Region.jsm", 376))
1607083407088	geckodriver	INFO	Listening on 127.0.0.1:34087
1607083407092	mozrunner::runner	INFO	Running command: "/usr/bin/firefox" "--marionette" "-foreground" "-no-remote" "-profile" "/tmp/rust_mozprofileMZ0RCF"
console.warn: SearchSettings: "get: No settings file exists, new profile?" (new Error("", "(unknown module)"))
1607083408394	Marionette	INFO	Listening on port 33277
1607083408512	Marionette	WARN	TLS certificate errors will be ignored for this session
1607083408662	Marionette	INFO	Stopped listening on port 33277
console.error: Region.jsm: "Error fetching region" (new TypeError("NetworkError when attempting to fetch resource.", ""))
console.error: Region.jsm: "Failed to fetch region" (new Error("NO_RESULT", "resource://gre/modules/Region.jsm", 376))
1607085439891	geckodriver	INFO	Listening on 127.0.0.1:38897
1607085439895	mozrunner::runner	INFO	Running command: "/usr/bin/firefox" "--marionette" "-foreground" "-no-remote" "-profile" "/tmp/rust_mozprofileKmu0lQ"
console.warn: SearchSettings: "get: No settings file exists, new profile?" (new Error("", "(unknown module)"))
1607085441261	Marionette	INFO	Listening on port 39363
1607085441315	Marionette	WARN	TLS certificate errors will be ignored for this session
1607085441384	Marionette	INFO	Stopped listening on port 39363
console.warn: services.settings: main/partitioning-exempt-urls sync interrupted by shutdown
console.error: Region.jsm: "Error fetching region" (new TypeError("NetworkError when attempting to fetch resource.", ""))
console.error: Region.jsm: "Failed to fetch region" (new Error("NO_RESULT", "resource://gre/modules/Region.jsm", 376))
1607095209609	geckodriver	INFO	Listening on 127.0.0.1:56937
1607095209613	mozrunner::runner	INFO	Running command: "/usr/bin/firefox" "--marionette" "-foreground" "-no-remote" "-profile" "/tmp/rust_mozprofile6kjl1b"
console.warn: SearchSettings: "get: No settings file exists, new profile?" (new Error("", "(unknown module)"))
1607095210906	Marionette	INFO	Listening on port 37641
1607095210932	Marionette	WARN	TLS certificate errors will be ignored for this session
1607095211002	Marionette	INFO	Stopped listening on port 37641
console.warn: services.settings: main/partitioning-exempt-urls sync interrupted by shutdown
console.error: Region.jsm: "Error fetching region" (new TypeError("NetworkError when attempting to fetch resource.", ""))
console.error: Region.jsm: "Failed to fetch region" (new Error("NO_RESULT", "resource://gre/modules/Region.jsm", 376))
1607097355561	geckodriver	INFO	Listening on 127.0.0.1:56031
1607097355565	mozrunner::runner	INFO	Running command: "/usr/bin/firefox" "--marionette" "-foreground" "-no-remote" "-profile" "/tmp/rust_mozprofile1EehIG"
console.warn: SearchSettings: "get: No settings file exists, new profile?" (new Error("", "(unknown module)"))
1607097356843	Marionette	INFO	Listening on port 42623
1607097356886	Marionette	WARN	TLS certificate errors will be ignored for this session
1607097356970	Marionette	INFO	Stopped listening on port 42623
console.warn: services.settings: main/partitioning-exempt-urls sync interrupted by shutdown
console.error: Region.jsm: "Error fetching region" (new TypeError("NetworkError when attempting to fetch resource.", ""))
console.error: Region.jsm: "Failed to fetch region" (new Error("NO_RESULT", "resource://gre/modules/Region.jsm", 376))
console.error: services.settings: 
  main/cfr-fxa Signature failed  TypeError: NetworkError when attempting to fetch resource.
1607098899297	geckodriver	INFO	Listening on 127.0.0.1:55897
1607098899301	mozrunner::runner	INFO	Running command: "/usr/bin/firefox" "--marionette" "-foreground" "-no-remote" "-profile" "/tmp/rust_mozprofileh2pxaw"
console.warn: SearchSettings: "get: No settings file exists, new profile?" (new Error("", "(unknown module)"))
1607098900644	Marionette	INFO	Listening on port 46171
1607098900722	Marionette	WARN	TLS certificate errors will be ignored for this session
1607098900815	Marionette	INFO	Stopped listening on port 46171
console.error: Region.jsm: "Error fetching region" (new TypeError("NetworkError when attempting to fetch resource.", ""))
console.error: Region.jsm: "Failed to fetch region" (new Error("NO_RESULT", "resource://gre/modules/Region.jsm", 376))
1607098937948	geckodriver	INFO	Listening on 127.0.0.1:41965
1607098937953	mozrunner::runner	INFO	Running command: "/usr/bin/firefox" "--marionette" "-foreground" "-no-remote" "-profile" "/tmp/rust_mozprofileJhotsj"
console.warn: SearchSettings: "get: No settings file exists, new profile?" (new Error("", "(unknown module)"))
1607098939298	Marionette	INFO	Listening on port 37241
1607098939372	Marionette	WARN	TLS certificate errors will be ignored for this session
1607098939475	Marionette	INFO	Stopped listening on port 37241
console.error: Region.jsm: "Error fetching region" (new TypeError("NetworkError when attempting to fetch resource.", ""))
console.error: Region.jsm: "Failed to fetch region" (new Error("NO_RESULT", "resource://gre/modules/Region.jsm", 376))
1607098978849	geckodriver	INFO	Listening on 127.0.0.1:59567
1607098978853	mozrunner::runner	INFO	Running command: "/usr/bin/firefox" "--marionette" "-foreground" "-no-remote" "-profile" "/tmp/rust_mozprofileGAS0Mb"
console.warn: SearchSettings: "get: No settings file exists, new profile?" (new Error("", "(unknown module)"))
1607098980188	Marionette	INFO	Listening on port 34481
1607098980274	Marionette	WARN	TLS certificate errors will be ignored for this session
1607098980374	Marionette	INFO	Stopped listening on port 34481
console.warn: services.settings: main/partitioning-exempt-urls sync interrupted by shutdown
console.error: Region.jsm: "Error fetching region" (new TypeError("NetworkError when attempting to fetch resource.", ""))
console.error: Region.jsm: "Failed to fetch region" (new Error("NO_RESULT", "resource://gre/modules/Region.jsm", 376))
1607099075942	geckodriver	INFO	Listening on 127.0.0.1:57221
1607099075946	mozrunner::runner	INFO	Running command: "/usr/bin/firefox" "--marionette" "-foreground" "-no-remote" "-profile" "/tmp/rust_mozprofilezNk835"
console.warn: SearchSettings: "get: No settings file exists, new profile?" (new Error("", "(unknown module)"))
1607099077347	Marionette	INFO	Listening on port 45585
1607099077366	Marionette	WARN	TLS certificate errors will be ignored for this session
1607099077465	Marionette	INFO	Stopped listening on port 45585
console.error: Region.jsm: "Error fetching region" (new TypeError("NetworkError when attempting to fetch resource.", ""))
console.error: Region.jsm: "Failed to fetch region" (new Error("NO_RESULT", "resource://gre/modules/Region.jsm", 376))
1607099127731	geckodriver	INFO	Listening on 127.0.0.1:46109
1607099127735	mozrunner::runner	INFO	Running command: "/usr/bin/firefox" "--marionette" "-foreground" "-no-remote" "-profile" "/tmp/rust_mozprofileuPszsO"
console.warn: SearchSettings: "get: No settings file exists, new profile?" (new Error("", "(unknown module)"))
1607099129056	Marionette	INFO	Listening on port 40211
1607099129156	Marionette	WARN	TLS certificate errors will be ignored for this session
1607099129271	Marionette	INFO	Stopped listening on port 40211
console.warn: services.settings: main/partitioning-exempt-urls sync interrupted by shutdown
console.error: Region.jsm: "Error fetching region" (new TypeError("NetworkError when attempting to fetch resource.", ""))
console.error: Region.jsm: "Failed to fetch region" (new Error("NO_RESULT", "resource://gre/modules/Region.jsm", 376))
1607099169193	geckodriver	INFO	Listening on 127.0.0.1:45521
1607099169197	mozrunner::runner	INFO	Running command: "/usr/bin/firefox" "--marionette" "-foreground" "-no-remote" "-profile" "/tmp/rust_mozprofile4ZHtH5"
console.warn: SearchSettings: "get: No settings file exists, new profile?" (new Error("", "(unknown module)"))
1607099170493	Marionette	INFO	Listening on port 40091
1607099170520	Marionette	WARN	TLS certificate errors will be ignored for this session
1607099170632	Marionette	INFO	Stopped listening on port 40091
console.error: Region.jsm: "Error fetching region" (new TypeError("NetworkError when attempting to fetch resource.", ""))
console.error: Region.jsm: "Failed to fetch region" (new Error("NO_RESULT", "resource://gre/modules/Region.jsm", 376))
1607099215046	geckodriver	INFO	Listening on 127.0.0.1:34177
1607099215051	mozrunner::runner	INFO	Running command: "/usr/bin/firefox" "--marionette" "-foreground" "-no-remote" "-profile" "/tmp/rust_mozprofileJVXnax"
console.warn: SearchSettings: "get: No settings file exists, new profile?" (new Error("", "(unknown module)"))
1607099216368	Marionette	INFO	Listening on port 39037
1607099216471	Marionette	WARN	TLS certificate errors will be ignored for this session
JavaScript error: resource://gre/actors/AutoCompleteChild.jsm, line 235: Error: Invalid autocomplete selectedIndex
1607099217605	Marionette	INFO	Stopped listening on port 39037
1607099289448	geckodriver	INFO	Listening on 127.0.0.1:51679
1607099289452	mozrunner::runner	INFO	Running command: "/usr/bin/firefox" "--marionette" "-foreground" "-no-remote" "-profile" "/tmp/rust_mozprofilegvkdP5"
console.warn: SearchSettings: "get: No settings file exists, new profile?" (new Error("", "(unknown module)"))
1607099290763	Marionette	INFO	Listening on port 35443
1607099290874	Marionette	WARN	TLS certificate errors will be ignored for this session
JavaScript error: resource://gre/actors/AutoCompleteChild.jsm, line 235: Error: Invalid autocomplete selectedIndex
1607099292040	Marionette	INFO	Stopped listening on port 35443
